<?xml version="1.0" encoding="UTF-8"?>
<!-- Generated by org.testng.reporters.JUnitReportReporter -->
<testsuite hostname="DESKTOP-sushamas" failures="0" tests="2" name="Test_Project.Test_Project.Test_File" time="16.264" errors="0" timestamp="06 Dec 2018 09:17:25 GMT" skipped="0">
  <testcase classname="Test_Project.Test_Project.Test_File" name="get_url" time="3.602"/>
  <testcase classname="Test_Project.Test_Project.Test_File" name="print_url" time="12.662"/>
</testsuite> <!-- Test_Project.Test_Project.Test_File -->
